Arguments: 
  /Users/johnle/.nvm/versions/node/v14.16.0/bin/node /Users/johnle/.yarn/bin/yarn.js add @monorepo/package_1

PATH: 
  /Users/johnle/.nvm/versions/node/v14.16.0/bin:/Users/johnle/.yarn/bin:/Users/johnle/.config/yarn/global/node_modules/.bin:/Library/Frameworks/Python.framework/Versions/3.9/bin:/usr/local/bin:/usr/bin:/bin:/usr/sbin:/sbin:/Library/Apple/usr/bin:/Users/johnle/.nvm/versions/node/v14.16.0/bin:/Users/johnle/.yarn/bin:/Users/johnle/.config/yarn/global/node_modules/.bin:/Library/Frameworks/Python.framework/Versions/3.9/bin:/Users/johnle/.fzf/bin

Yarn version: 
  1.22.5

Node version: 
  14.16.0

Platform: 
  darwin x64

Trace: 
  Error: https://registry.yarnpkg.com/@monorepo%2fpackage_1: Not found
      at Request.params.callback [as _callback] (/Users/johnle/.yarn/lib/cli.js:66988:18)
      at Request.self.callback (/Users/johnle/.yarn/lib/cli.js:140749:22)
      at Request.emit (events.js:315:20)
      at Request.<anonymous> (/Users/johnle/.yarn/lib/cli.js:141721:10)
      at Request.emit (events.js:315:20)
      at IncomingMessage.<anonymous> (/Users/johnle/.yarn/lib/cli.js:141643:12)
      at Object.onceWrapper (events.js:421:28)
      at IncomingMessage.emit (events.js:327:22)
      at endReadableNT (internal/streams/readable.js:1327:12)
      at processTicksAndRejections (internal/process/task_queues.js:80:21)

npm manifest: 
  {
    "name": "@monorepo/package_2",
    "version": "0.0.0",
    "description": "> TODO: description",
    "author": "John Le <nguyenlt_dev@yahoo.com>",
    "homepage": "https://github.com/JohnLeSked/monorepo-sample#readme",
    "license": "MIT",
    "main": "lib/package_2.js",
    "directories": {
      "lib": "lib",
      "test": "__tests__"
    },
    "files": [
      "lib"
    ],
    "repository": {
      "type": "git",
      "url": "git+https://JohnLeSked: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@github.com/JohnLeSked/monorepo-sample.git"
    },
    "scripts": {
      "test": "echo \"Error: run tests from root\" && exit 1"
    },
    "bugs": {
      "url": "https://github.com/JohnLeSked/monorepo-sample/issues"
    }
  }

yarn manifest: 
  No manifest

Lockfile: 
  No lockfile
