0 silly argv {
0 silly argv   _: [ 'version' ],
0 silly argv   lernaVersion: '4.0.0',
0 silly argv   '$0': '/Users/johnle/Documents/GitHub/node_modules/.bin/lerna'
0 silly argv }
1 notice cli v4.0.0
2 verbose rootPath /Users/johnle/Documents/GitHub/monorepo-sample
3 info current version 0.0.0
4 silly isAnythingCommitted
5 verbose isAnythingCommitted 1
6 silly getCurrentBranch
7 verbose currentBranch master
8 silly remoteBranchExists
9 silly isBehindUpstream
10 silly isBehindUpstream master is behind origin/master by 0 commit(s) and ahead by 0
11 silly hasTags
12 verbose hasTags false
13 info Assuming all packages changed
14 verbose updated @monorepo/package_1
15 verbose updated @monorepo/package_2
16 verbose updated @monorepo/package_3
17 verbose git-describe undefined => "3b8b433"
18 silly git-describe parsed => {"refCount":"1","sha":"3b8b433","isDirty":false}
19 info execute Skipping releases
20 silly lifecycle No script for "preversion" in "root", continuing
21 silly lifecycle No script for "preversion" in "@monorepo/package_1", continuing
22 silly lifecycle No script for "version" in "@monorepo/package_1", continuing
23 silly lifecycle No script for "preversion" in "@monorepo/package_2", continuing
24 silly lifecycle No script for "preversion" in "@monorepo/package_3", continuing
25 silly lifecycle No script for "version" in "@monorepo/package_2", continuing
26 silly lifecycle No script for "version" in "@monorepo/package_3", continuing
27 silly lifecycle No script for "version" in "root", continuing
28 silly gitAdd [
28 silly gitAdd   'packages/package_1/package.json',
28 silly gitAdd   'packages/package_2/package.json',
28 silly gitAdd   'packages/package_3/package.json',
28 silly gitAdd   'lerna.json'
28 silly gitAdd ]
29 silly gitCommit v1.0.0
30 verbose git [ 'commit', '-m', 'v1.0.0' ]
31 silly gitTag v1.0.0
32 verbose git [ 'tag', 'v1.0.0', '-m', 'v1.0.0' ]
33 silly lifecycle No script for "postversion" in "@monorepo/package_1", continuing
34 silly lifecycle No script for "postversion" in "@monorepo/package_2", continuing
35 silly lifecycle No script for "postversion" in "@monorepo/package_3", continuing
36 silly lifecycle No script for "postversion" in "root", continuing
37 info git Pushing tags...
38 silly gitPush origin master
39 error Error: Command failed with exit code 128: git push --follow-tags --no-verify --atomic origin master
39 error remote: Invalid username or password.
39 error fatal: Authentication failed for 'https://github.com/JohnLeSked/monorepo-sample.git/'
39 error     at makeError (/Users/johnle/Documents/GitHub/node_modules/execa/lib/error.js:60:11)
39 error     at handlePromise (/Users/johnle/Documents/GitHub/node_modules/execa/index.js:118:26)
